Determining if the pthread_create exist failed with the following output:
Change Dir: /home/dennis/桌面/PCL_ws/CMakeFiles/CMakeTmp

Run Build Command:"/usr/bin/make" "cmTC_93683/fast"
/usr/bin/make -f CMakeFiles/cmTC_93683.dir/build.make CMakeFiles/cmTC_93683.dir/build
make[1]: Entering directory '/home/dennis/桌面/PCL_ws/CMakeFiles/CMakeTmp'
Building C object CMakeFiles/cmTC_93683.dir/CheckSymbolExists.c.o
/usr/bin/cc     -o CMakeFiles/cmTC_93683.dir/CheckSymbolExists.c.o   -c /home/dennis/桌面/PCL_ws/CMakeFiles/CMakeTmp/CheckSymbolExists.c
Linking C executable cmTC_93683
/usr/bin/cmake -E cmake_link_script CMakeFiles/cmTC_93683.dir/link.txt --verbose=1
/usr/bin/cc       CMakeFiles/cmTC_93683.dir/CheckSymbolExists.c.o  -o cmTC_93683 -rdynamic 
CMakeFiles/cmTC_93683.dir/CheckSymbolExists.c.o：在函数‘main’中：
CheckSymbolExists.c:(.text+0x16)：对‘pthread_create’未定义的引用
collect2: error: ld returned 1 exit status
CMakeFiles/cmTC_93683.dir/build.make:97: recipe for target 'cmTC_93683' failed
make[1]: *** [cmTC_93683] Error 1
make[1]: Leaving directory '/home/dennis/桌面/PCL_ws/CMakeFiles/CMakeTmp'
Makefile:126: recipe for target 'cmTC_93683/fast' failed
make: *** [cmTC_93683/fast] Error 2

File /home/dennis/桌面/PCL_ws/CMakeFiles/CMakeTmp/CheckSymbolExists.c:
/* */
#include <pthread.h>

int main(int argc, char** argv)
{
  (void)argv;
#ifndef pthread_create
  return ((int*)(&pthread_create))[argc];
#else
  (void)argc;
  return 0;
#endif
}

Determining if the function pthread_create exists in the pthreads failed with the following output:
Change Dir: /home/dennis/桌面/PCL_ws/CMakeFiles/CMakeTmp

Run Build Command:"/usr/bin/make" "cmTC_75197/fast"
/usr/bin/make -f CMakeFiles/cmTC_75197.dir/build.make CMakeFiles/cmTC_75197.dir/build
make[1]: Entering directory '/home/dennis/桌面/PCL_ws/CMakeFiles/CMakeTmp'
Building C object CMakeFiles/cmTC_75197.dir/CheckFunctionExists.c.o
/usr/bin/cc    -DCHECK_FUNCTION_EXISTS=pthread_create   -o CMakeFiles/cmTC_75197.dir/CheckFunctionExists.c.o   -c /usr/share/cmake-3.5/Modules/CheckFunctionExists.c
Linking C executable cmTC_75197
/usr/bin/cmake -E cmake_link_script CMakeFiles/cmTC_75197.dir/link.txt --verbose=1
/usr/bin/cc   -DCHECK_FUNCTION_EXISTS=pthread_create    CMakeFiles/cmTC_75197.dir/CheckFunctionExists.c.o  -o cmTC_75197 -rdynamic -lpthreads 
/usr/bin/ld: 找不到 -lpthreads
collect2: error: ld returned 1 exit status
CMakeFiles/cmTC_75197.dir/build.make:97: recipe for target 'cmTC_75197' failed
make[1]: *** [cmTC_75197] Error 1
make[1]: Leaving directory '/home/dennis/桌面/PCL_ws/CMakeFiles/CMakeTmp'
Makefile:126: recipe for target 'cmTC_75197/fast' failed
make: *** [cmTC_75197/fast] Error 2


